{"meta": {"format": 3, "version": "7.13.4", "timestamp": "2026-03-03T08:01:22.497969", "branch_coverage": false, "show_contexts": false}, "files": {"config\\__init__.py": {"executed_lines": [], "summary": {"covered_lines": 0, "num_statements": 0, "percent_covered": 100.0, "percent_covered_display": "100", "missing_lines": 0, "excluded_lines": 0, "percent_statements_covered": 100.0, "percent_statements_covered_display": "100"}, "missing_lines": [], "excluded_lines": [], "functions": {"": {"executed_lines": [], "summary": {"covered_lines": 0, "num_statements": 0, "percent_covered": 100.0, "percent_covered_display": "100", "missing_lines": 0, "excluded_lines": 0, "percent_statements_covered": 100.0, "percent_statements_covered_display": "100"}, "missing_lines": [], "excluded_lines": [], "start_line": 1}}, "classes": {"": {"executed_lines": [], "summary": {"covered_lines": 0, "num_statements": 0, "percent_covered": 100.0, "percent_covered_display": "100", "missing_lines": 0, "excluded_lines": 0, "percent_statements_covered": 100.0, "percent_statements_covered_display": "100"}, "missing_lines": [], "excluded_lines": [], "start_line": 1}}}, "config\\logging_setup.py": {"executed_lines": [1, 2, 4, 5, 8, 15, 17, 20, 21, 22, 23, 24, 25, 28, 32, 40, 49, 50, 51, 54, 63, 73], "summary": {"covered_lines": 22, "num_statements": 22, "percent_covered": 100.0, "percent_covered_display": "100", "missing_lines": 0, "excluded_lines": 0, "percent_statements_covered": 100.0, "percent_statements_covered_display": "100"}, "missing_lines": [], "excluded_lines": [], "functions": {"setup_logging": {"executed_lines": [15, 17, 20, 21, 22, 23, 24, 25, 28, 32, 40, 49, 50, 51], "summary": {"covered_lines": 14, "num_statements": 14, "percent_covered": 100.0, "percent_covered_display": "100", "missing_lines": 0, "excluded_lines": 0, "percent_statements_covered": 100.0, "percent_statements_covered_display": "100"}, "missing_lines": [], "excluded_lines": [], "start_line": 8}, "log_dataframe_preview": {"executed_lines": [63, 73], "summary": {"covered_lines": 2, "num_statements": 2, "percent_covered": 100.0, "percent_covered_display": "100", "missing_lines": 0, "excluded_lines": 0, "percent_statements_covered": 100.0, "percent_statements_covered_display": "100"}, "missing_lines": [], "excluded_lines": [], "start_line": 54}, "": {"executed_lines": [1, 2, 4, 5, 8, 54], "summary": {"covered_lines": 6, "num_statements": 6, "percent_covered": 100.0, "percent_covered_display": "100", "missing_lines": 0, "excluded_lines": 0, "percent_statements_covered": 100.0, "percent_statements_covered_display": "100"}, "missing_lines": [], "excluded_lines": [], "start_line": 1}}, "classes": {"": {"executed_lines": [1, 2, 4, 5, 8, 15, 17, 20, 21, 22, 23, 24, 25, 28, 32, 40, 49, 50, 51, 54, 63, 73], "summary": {"covered_lines": 22, "num_statements": 22, "percent_covered": 100.0, "percent_covered_display": "100", "missing_lines": 0, "excluded_lines": 0, "percent_statements_covered": 100.0, "percent_statements_covered_display": "100"}, "missing_lines": [], "excluded_lines": [], "start_line": 1}}}, "data_processing\\__init__.py": {"executed_lines": [], "summary": {"covered_lines": 0, "num_statements": 0, "percent_covered": 100.0, "percent_covered_display": "100", "missing_lines": 0, "excluded_lines": 0, "percent_statements_covered": 100.0, "percent_statements_covered_display": "100"}, "missing_lines": [], "excluded_lines": [], "functions": {"": {"executed_lines": [], "summary": {"covered_lines": 0, "num_statements": 0, "percent_covered": 100.0, "percent_covered_display": "100", "missing_lines": 0, "excluded_lines": 0, "percent_statements_covered": 100.0, "percent_statements_covered_display": "100"}, "missing_lines": [], "excluded_lines": [], "start_line": 1}}, "classes": {"": {"executed_lines": [], "summary": {"covered_lines": 0, "num_statements": 0, "percent_covered": 100.0, "percent_covered_display": "100", "missing_lines": 0, "excluded_lines": 0, "percent_statements_covered": 100.0, "percent_statements_covered_display": "100"}, "missing_lines": [], "excluded_lines": [], "start_line": 1}}}, "data_processing\\category.py": {"executed_lines": [9, 18, 20, 23, 26, 29, 36, 38, 40, 42, 44, 49, 54, 56, 58, 60, 62, 65, 72, 74, 78, 81, 87, 89, 91, 94, 97, 99, 101, 104, 109, 113, 116, 119, 121, 123, 126], "summary": {"covered_lines": 37, "num_statements": 37, "percent_covered": 100.0, "percent_covered_display": "100", "missing_lines": 0, "excluded_lines": 0, "percent_statements_covered": 100.0, "percent_statements_covered_display": "100"}, "missing_lines": [], "excluded_lines": [], "functions": {"": {"executed_lines": [9, 18, 20, 23, 26, 29, 36, 38, 40, 42, 44, 49, 54, 56, 58, 60, 62, 65, 72, 74, 78, 81, 87, 89, 91, 94, 97, 99, 101, 104, 109, 113, 116, 119, 121, 123, 126], "summary": {"covered_lines": 37, "num_statements": 37, "percent_covered": 100.0, "percent_covered_display": "100", "missing_lines": 0, "excluded_lines": 0, "percent_statements_covered": 100.0, "percent_statements_covered_display": "100"}, "missing_lines": [], "excluded_lines": [], "start_line": 1}}, "classes": {"": {"executed_lines": [9, 18, 20, 23, 26, 29, 36, 38, 40, 42, 44, 49, 54, 56, 58, 60, 62, 65, 72, 74, 78, 81, 87, 89, 91, 94, 97, 99, 101, 104, 109, 113, 116, 119, 121, 123, 126], "summary": {"covered_lines": 37, "num_statements": 37, "percent_covered": 100.0, "percent_covered_display": "100", "missing_lines": 0, "excluded_lines": 0, "percent_statements_covered": 100.0, "percent_statements_covered_display": "100"}, "missing_lines": [], "excluded_lines": [], "start_line": 1}}}, "data_processing\\data_core.py": {"executed_lines": [3, 5, 10, 33, 48, 49, 51, 54, 74, 77, 80, 83, 84, 87, 90, 91, 94, 96], "summary": {"covered_lines": 18, "num_statements": 18, "percent_covered": 100.0, "percent_covered_display": "100", "missing_lines": 0, "excluded_lines": 0, "percent_statements_covered": 100.0, "percent_statements_covered_display": "100"}, "missing_lines": [], "excluded_lines": [], "functions": {"clean_descriptions": {"executed_lines": [48, 49, 51], "summary": {"covered_lines": 3, "num_statements": 3, "percent_covered": 100.0, "percent_covered_display": "100", "missing_lines": 0, "excluded_lines": 0, "percent_statements_covered": 100.0, "percent_statements_covered_display": "100"}, "missing_lines": [], "excluded_lines": [], "start_line": 33}, "process_dataframe": {"executed_lines": [74, 77, 80, 83, 84, 87, 90, 91, 94, 96], "summary": {"covered_lines": 10, "num_statements": 10, "percent_covered": 100.0, "percent_covered_display": "100", "missing_lines": 0, "excluded_lines": 0, "percent_statements_covered": 100.0, "percent_statements_covered_display": "100"}, "missing_lines": [], "excluded_lines": [], "start_line": 54}, "": {"executed_lines": [3, 5, 10, 33, 54], "summary": {"covered_lines": 5, "num_statements": 5, "percent_covered": 100.0, "percent_covered_display": "100", "missing_lines": 0, "excluded_lines": 0, "percent_statements_covered": 100.0, "percent_statements_covered_display": "100"}, "missing_lines": [], "excluded_lines": [], "start_line": 1}}, "classes": {"": {"executed_lines": [3, 5, 10, 33, 48, 49, 51, 54, 74, 77, 80, 83, 84, 87, 90, 91, 94, 96], "summary": {"covered_lines": 18, "num_statements": 18, "percent_covered": 100.0, "percent_covered_display": "100", "missing_lines": 0, "excluded_lines": 0, "percent_statements_covered": 100.0, "percent_statements_covered_display": "100"}, "missing_lines": [], "excluded_lines": [], "start_line": 1}}}, "data_processing\\data_imports.py": {"executed_lines": [3, 5, 6, 9, 24, 39, 42, 43, 46, 53, 54, 57, 68, 77, 79, 82, 102, 104, 107, 108, 110, 112, 115, 117, 118, 119, 120, 121, 122, 123, 124, 125, 126, 128, 129, 130, 132, 133, 134, 136, 137, 140, 143], "summary": {"covered_lines": 43, "num_statements": 43, "percent_covered": 100.0, "percent_covered_display": "100", "missing_lines": 0, "excluded_lines": 0, "percent_statements_covered": 100.0, "percent_statements_covered_display": "100"}, "missing_lines": [], "excluded_lines": [], "functions": {"ipko_import": {"executed_lines": [24, 39, 42, 43, 46, 53, 54, 57, 68, 77, 79], "summary": {"covered_lines": 11, "num_statements": 11, "percent_covered": 100.0, "percent_covered_display": "100", "missing_lines": 0, "excluded_lines": 0, "percent_statements_covered": 100.0, "percent_statements_covered_display": "100"}, "missing_lines": [], "excluded_lines": [], "start_line": 9}, "read_transaction_csv": {"executed_lines": [102, 104, 107, 108, 110, 112, 115, 117, 118, 119, 120, 121, 122, 123, 124, 125, 126, 128, 129, 130, 132, 133, 134, 136, 137, 140, 143], "summary": {"covered_lines": 27, "num_statements": 27, "percent_covered": 100.0, "percent_covered_display": "100", "missing_lines": 0, "excluded_lines": 0, "percent_statements_covered": 100.0, "percent_statements_covered_display": "100"}, "missing_lines": [], "excluded_lines": [], "start_line": 82}, "": {"executed_lines": [3, 5, 6, 9, 82], "summary": {"covered_lines": 5, "num_statements": 5, "percent_covered": 100.0, "percent_covered_display": "100", "missing_lines": 0, "excluded_lines": 0, "percent_statements_covered": 100.0, "percent_statements_covered_display": "100"}, "missing_lines": [], "excluded_lines": [], "start_line": 1}}, "classes": {"": {"executed_lines": [3, 5, 6, 9, 24, 39, 42, 43, 46, 53, 54, 57, 68, 77, 79, 82, 102, 104, 107, 108, 110, 112, 115, 117, 118, 119, 120, 121, 122, 123, 124, 125, 126, 128, 129, 130, 132, 133, 134, 136, 137, 140, 143], "summary": {"covered_lines": 43, "num_statements": 43, "percent_covered": 100.0, "percent_covered_display": "100", "missing_lines": 0, "excluded_lines": 0, "percent_statements_covered": 100.0, "percent_statements_covered_display": "100"}, "missing_lines": [], "excluded_lines": [], "start_line": 1}}}, "data_processing\\data_loader.py": {"executed_lines": [3, 6, 9, 10, 11, 12, 13, 14, 15, 16, 17, 18, 19, 20, 21, 22, 23, 24, 27, 30, 31, 32, 33, 34, 37, 44, 54, 55, 56, 57, 58, 60, 69, 70, 71, 72, 73, 74, 75, 76, 77, 78, 79, 80, 81, 82, 83, 84, 85, 86, 87, 88, 89, 90, 91, 92, 93, 94, 95, 96, 97, 98, 99, 100, 102, 107], "summary": {"covered_lines": 66, "num_statements": 66, "percent_covered": 100.0, "percent_covered_display": "100", "missing_lines": 0, "excluded_lines": 0, "percent_statements_covered": 100.0, "percent_statements_covered_display": "100"}, "missing_lines": [], "excluded_lines": [], "functions": {"Expense.__init__": {"executed_lines": [54, 55, 56, 57, 58], "summary": {"covered_lines": 5, "num_statements": 5, "percent_covered": 100.0, "percent_covered_display": "100", "missing_lines": 0, "excluded_lines": 0, "percent_statements_covered": 100.0, "percent_statements_covered_display": "100"}, "missing_lines": [], "excluded_lines": [], "start_line": 44}, "Expense._determine_category_and_importance": {"executed_lines": [69, 70, 71, 72, 73, 74, 75, 76, 77, 78, 79, 80, 81, 82, 83, 84, 85, 86, 87, 88, 89, 90, 91, 92, 93, 94, 95, 96, 97, 98, 99, 100], "summary": {"covered_lines": 32, "num_statements": 32, "percent_covered": 100.0, "percent_covered_display": "100", "missing_lines": 0, "excluded_lines": 0, "percent_statements_covered": 100.0, "percent_statements_covered_display": "100"}, "missing_lines": [], "excluded_lines": [], "start_line": 60}, "Expense.__repr__": {"executed_lines": [107], "summary": {"covered_lines": 1, "num_statements": 1, "percent_covered": 100.0, "percent_covered_display": "100", "missing_lines": 0, "excluded_lines": 0, "percent_statements_covered": 100.0, "percent_statements_covered_display": "100"}, "missing_lines": [], "excluded_lines": [], "start_line": 102}, "": {"executed_lines": [3, 6, 9, 10, 11, 12, 13, 14, 15, 16, 17, 18, 19, 20, 21, 22, 23, 24, 27, 30, 31, 32, 33, 34, 37, 44, 60, 102], "summary": {"covered_lines": 28, "num_statements": 28, "percent_covered": 100.0, "percent_covered_display": "100", "missing_lines": 0, "excluded_lines": 0, "percent_statements_covered": 100.0, "percent_statements_covered_display": "100"}, "missing_lines": [], "excluded_lines": [], "start_line": 1}}, "classes": {"CATEGORY": {"executed_lines": [], "summary": {"covered_lines": 0, "num_statements": 0, "percent_covered": 100.0, "percent_covered_display": "100", "missing_lines": 0, "excluded_lines": 0, "percent_statements_covered": 100.0, "percent_statements_covered_display": "100"}, "missing_lines": [], "excluded_lines": [], "start_line": 6}, "IMPORTANCE": {"executed_lines": [], "summary": {"covered_lines": 0, "num_statements": 0, "percent_covered": 100.0, "percent_covered_display": "100", "missing_lines": 0, "excluded_lines": 0, "percent_statements_covered": 100.0, "percent_statements_covered_display": "100"}, "missing_lines": [], "excluded_lines": [], "start_line": 27}, "Expense": {"executed_lines": [54, 55, 56, 57, 58, 69, 70, 71, 72, 73, 74, 75, 76, 77, 78, 79, 80, 81, 82, 83, 84, 85, 86, 87, 88, 89, 90, 91, 92, 93, 94, 95, 96, 97, 98, 99, 100, 107], "summary": {"covered_lines": 38, "num_statements": 38, "percent_covered": 100.0, "percent_covered_display": "100", "missing_lines": 0, "excluded_lines": 0, "percent_statements_covered": 100.0, "percent_statements_covered_display": "100"}, "missing_lines": [], "excluded_lines": [], "start_line": 37}, "": {"executed_lines": [3, 6, 9, 10, 11, 12, 13, 14, 15, 16, 17, 18, 19, 20, 21, 22, 23, 24, 27, 30, 31, 32, 33, 34, 37, 44, 60, 102], "summary": {"covered_lines": 28, "num_statements": 28, "percent_covered": 100.0, "percent_covered_display": "100", "missing_lines": 0, "excluded_lines": 0, "percent_statements_covered": 100.0, "percent_statements_covered_display": "100"}, "missing_lines": [], "excluded_lines": [], "start_line": 1}}}, "data_processing\\exporter.py": {"executed_lines": [3, 4, 6, 7, 9, 10, 16, 19, 30, 34, 37, 39, 40, 43, 49, 50, 51, 54, 73, 83, 84, 85, 87, 89, 90, 93, 102, 103, 104, 105, 106, 107, 108], "summary": {"covered_lines": 33, "num_statements": 35, "percent_covered": 94.28571428571429, "percent_covered_display": "94", "missing_lines": 2, "excluded_lines": 0, "percent_statements_covered": 94.28571428571429, "percent_statements_covered_display": "94"}, "missing_lines": [64, 70], "excluded_lines": [], "functions": {"export_for_google_sheets": {"executed_lines": [30, 34, 37, 39, 40], "summary": {"covered_lines": 5, "num_statements": 5, "percent_covered": 100.0, "percent_covered_display": "100", "missing_lines": 0, "excluded_lines": 0, "percent_statements_covered": 100.0, "percent_statements_covered_display": "100"}, "missing_lines": [], "excluded_lines": [], "start_line": 19}, "export_misc_transactions": {"executed_lines": [49, 50, 51], "summary": {"covered_lines": 3, "num_statements": 3, "percent_covered": 100.0, "percent_covered_display": "100", "missing_lines": 0, "excluded_lines": 0, "percent_statements_covered": 100.0, "percent_statements_covered_display": "100"}, "missing_lines": [], "excluded_lines": [], "start_line": 43}, "export_cleaned_data": {"executed_lines": [], "summary": {"covered_lines": 0, "num_statements": 2, "percent_covered": 0.0, "percent_covered_display": "0", "missing_lines": 2, "excluded_lines": 0, "percent_statements_covered": 0.0, "percent_statements_covered_display": "0"}, "missing_lines": [64, 70], "excluded_lines": [], "start_line": 54}, "export_unassigned_transactions_to_csv": {"executed_lines": [83, 84, 85, 87, 89, 90], "summary": {"covered_lines": 6, "num_statements": 6, "percent_covered": 100.0, "percent_covered_display": "100", "missing_lines": 0, "excluded_lines": 0, "percent_statements_covered": 100.0, "percent_statements_covered_display": "100"}, "missing_lines": [], "excluded_lines": [], "start_line": 73}, "get_data": {"executed_lines": [102, 103, 104, 105, 106, 107, 108], "summary": {"covered_lines": 7, "num_statements": 7, "percent_covered": 100.0, "percent_covered_display": "100", "missing_lines": 0, "excluded_lines": 0, "percent_statements_covered": 100.0, "percent_statements_covered_display": "100"}, "missing_lines": [], "excluded_lines": [], "start_line": 93}, "": {"executed_lines": [3, 4, 6, 7, 9, 10, 16, 19, 43, 54, 73, 93], "summary": {"covered_lines": 12, "num_statements": 12, "percent_covered": 100.0, "percent_covered_display": "100", "missing_lines": 0, "excluded_lines": 0, "percent_statements_covered": 100.0, "percent_statements_covered_display": "100"}, "missing_lines": [], "excluded_lines": [], "start_line": 1}}, "classes": {"": {"executed_lines": [3, 4, 6, 7, 9, 10, 16, 19, 30, 34, 37, 39, 40, 43, 49, 50, 51, 54, 73, 83, 84, 85, 87, 89, 90, 93, 102, 103, 104, 105, 106, 107, 108], "summary": {"covered_lines": 33, "num_statements": 35, "percent_covered": 94.28571428571429, "percent_covered_display": "94", "missing_lines": 2, "excluded_lines": 0, "percent_statements_covered": 94.28571428571429, "percent_statements_covered_display": "94"}, "missing_lines": [64, 70], "excluded_lines": [], "start_line": 1}}}, "data_processing\\location_processor.py": {"executed_lines": [3, 5, 6, 8, 12, 23, 62, 82, 117, 181, 195, 196, 197, 198, 199, 200, 201, 205, 212, 222, 223, 224, 225, 228, 237, 238, 241, 244, 245, 248, 251, 260, 261, 263, 265, 266, 267, 268, 271, 286, 287, 289, 290, 294, 295, 296, 297, 300, 301, 302, 303, 306, 307, 311, 312, 313, 314, 316, 319, 331, 332, 334, 335, 336, 338, 340, 341, 342, 343, 346, 347, 350, 351, 352, 353, 356, 357, 359, 363, 364, 367, 376, 379, 391, 393, 394, 397, 398, 399, 402, 403, 406, 409, 424, 425, 426, 427, 428, 429, 448, 460, 461, 463, 465, 468, 470, 471, 475, 489, 491, 492, 495, 499, 503, 506, 519, 520], "summary": {"covered_lines": 117, "num_statements": 136, "percent_covered": 86.02941176470588, "percent_covered_display": "86", "missing_lines": 19, "excluded_lines": 0, "percent_statements_covered": 86.02941176470588, "percent_statements_covered_display": "86"}, "missing_lines": [291, 308, 360, 404, 430, 433, 434, 435, 438, 439, 440, 441, 442, 443, 445, 466, 472, 496, 500], "excluded_lines": [], "functions": {"_normalize_separators": {"executed_lines": [222, 223, 224, 225], "summary": {"covered_lines": 4, "num_statements": 4, "percent_covered": 100.0, "percent_covered_display": "100", "missing_lines": 0, "excluded_lines": 0, "percent_statements_covered": 100.0, "percent_statements_covered_display": "100"}, "missing_lines": [], "excluded_lines": [], "start_line": 212}, "clean_location_text": {"executed_lines": [237, 238, 241, 244, 245, 248], "summary": {"covered_lines": 6, "num_statements": 6, "percent_covered": 100.0, "percent_covered_display": "100", "missing_lines": 0, "excluded_lines": 0, "percent_statements_covered": 100.0, "percent_statements_covered_display": "100"}, "missing_lines": [], "excluded_lines": [], "start_line": 228}, "normalize_polish_names": {"executed_lines": [260, 261, 263, 265, 266, 267, 268], "summary": {"covered_lines": 7, "num_statements": 7, "percent_covered": 100.0, "percent_covered_display": "100", "missing_lines": 0, "excluded_lines": 0, "percent_statements_covered": 100.0, "percent_statements_covered_display": "100"}, "missing_lines": [], "excluded_lines": [], "start_line": 251}, "extract_location_from_data": {"executed_lines": [286, 287, 289, 290, 294, 295, 296, 297, 300, 301, 302, 303, 306, 307, 311, 312, 313, 314, 316], "summary": {"covered_lines": 19, "num_statements": 21, "percent_covered": 90.47619047619048, "percent_covered_display": "90", "missing_lines": 2, "excluded_lines": 0, "percent_statements_covered": 90.47619047619048, "percent_statements_covered_display": "90"}, "missing_lines": [291, 308], "excluded_lines": [], "start_line": 271}, "create_google_maps_link": {"executed_lines": [331, 332, 334, 335, 336, 338, 340, 341, 342, 343, 346, 347, 350, 351, 352, 353, 356, 357, 359, 363, 364], "summary": {"covered_lines": 21, "num_statements": 22, "percent_covered": 95.45454545454545, "percent_covered_display": "95", "missing_lines": 1, "excluded_lines": 0, "percent_statements_covered": 95.45454545454545, "percent_statements_covered_display": "95"}, "missing_lines": [360], "excluded_lines": [], "start_line": 319}, "_split_parts": {"executed_lines": [376], "summary": {"covered_lines": 1, "num_statements": 1, "percent_covered": 100.0, "percent_covered_display": "100", "missing_lines": 0, "excluded_lines": 0, "percent_statements_covered": 100.0, "percent_statements_covered_display": "100"}, "missing_lines": [], "excluded_lines": [], "start_line": 367}, "_parse_structured_part": {"executed_lines": [391, 393, 394, 397, 398, 399, 402, 403, 406], "summary": {"covered_lines": 9, "num_statements": 10, "percent_covered": 90.0, "percent_covered_display": "90", "missing_lines": 1, "excluded_lines": 0, "percent_statements_covered": 90.0, "percent_statements_covered_display": "90"}, "missing_lines": [404], "excluded_lines": [], "start_line": 379}, "_extract_address_payload": {"executed_lines": [424, 425, 426, 427, 428, 429], "summary": {"covered_lines": 6, "num_statements": 17, "percent_covered": 35.294117647058826, "percent_covered_display": "35", "missing_lines": 11, "excluded_lines": 0, "percent_statements_covered": 35.294117647058826, "percent_statements_covered_display": "35"}, "missing_lines": [430, 433, 434, 435, 438, 439, 440, 441, 442, 443, 445], "excluded_lines": [], "start_line": 409}, "_extract_dash_part": {"executed_lines": [460, 461, 463, 465, 468, 470, 471], "summary": {"covered_lines": 7, "num_statements": 9, "percent_covered": 77.77777777777777, "percent_covered_display": "78", "missing_lines": 2, "excluded_lines": 0, "percent_statements_covered": 77.77777777777777, "percent_statements_covered_display": "78"}, "missing_lines": [466, 472], "excluded_lines": [], "start_line": 448}, "_looks_like_address": {"executed_lines": [489, 491, 492, 495, 499, 503], "summary": {"covered_lines": 6, "num_statements": 8, "percent_covered": 75.0, "percent_covered_display": "75", "missing_lines": 2, "excluded_lines": 0, "percent_statements_covered": 75.0, "percent_statements_covered_display": "75"}, "missing_lines": [496, 500], "excluded_lines": [], "start_line": 475}, "_finalise_location": {"executed_lines": [519, 520], "summary": {"covered_lines": 2, "num_statements": 2, "percent_covered": 100.0, "percent_covered_display": "100", "missing_lines": 0, "excluded_lines": 0, "percent_statements_covered": 100.0, "percent_statements_covered_display": "100"}, "missing_lines": [], "excluded_lines": [], "start_line": 506}, "": {"executed_lines": [3, 5, 6, 8, 12, 23, 62, 82, 117, 181, 195, 196, 197, 198, 199, 200, 201, 205, 212, 228, 251, 271, 319, 367, 379, 409, 448, 475, 506], "summary": {"covered_lines": 29, "num_statements": 29, "percent_covered": 100.0, "percent_covered_display": "100", "missing_lines": 0, "excluded_lines": 0, "percent_statements_covered": 100.0, "percent_statements_covered_display": "100"}, "missing_lines": [], "excluded_lines": [], "start_line": 1}}, "classes": {"": {"executed_lines": [3, 5, 6, 8, 12, 23, 62, 82, 117, 181, 195, 196, 197, 198, 199, 200, 201, 205, 212, 222, 223, 224, 225, 228, 237, 238, 241, 244, 245, 248, 251, 260, 261, 263, 265, 266, 267, 268, 271, 286, 287, 289, 290, 294, 295, 296, 297, 300, 301, 302, 303, 306, 307, 311, 312, 313, 314, 316, 319, 331, 332, 334, 335, 336, 338, 340, 341, 342, 343, 346, 347, 350, 351, 352, 353, 356, 357, 359, 363, 364, 367, 376, 379, 391, 393, 394, 397, 398, 399, 402, 403, 406, 409, 424, 425, 426, 427, 428, 429, 448, 460, 461, 463, 465, 468, 470, 471, 475, 489, 491, 492, 495, 499, 503, 506, 519, 520], "summary": {"covered_lines": 117, "num_statements": 136, "percent_covered": 86.02941176470588, "percent_covered_display": "86", "missing_lines": 19, "excluded_lines": 0, "percent_statements_covered": 86.02941176470588, "percent_statements_covered_display": "86"}, "missing_lines": [291, 308, 360, 404, 430, 433, 434, 435, 438, 439, 440, 441, 442, 443, 445, 466, 472, 496, 500], "excluded_lines": [], "start_line": 1}}}, "data_processing\\mappings.py": {"executed_lines": [3, 5, 8, 11, 29, 30, 31, 33], "summary": {"covered_lines": 8, "num_statements": 8, "percent_covered": 100.0, "percent_covered_display": "100", "missing_lines": 0, "excluded_lines": 0, "percent_statements_covered": 100.0, "percent_statements_covered_display": "100"}, "missing_lines": [], "excluded_lines": [], "functions": {"mappings": {"executed_lines": [29, 30, 31, 33], "summary": {"covered_lines": 4, "num_statements": 4, "percent_covered": 100.0, "percent_covered_display": "100", "missing_lines": 0, "excluded_lines": 0, "percent_statements_covered": 100.0, "percent_statements_covered_display": "100"}, "missing_lines": [], "excluded_lines": [], "start_line": 11}, "": {"executed_lines": [3, 5, 8, 11], "summary": {"covered_lines": 4, "num_statements": 4, "percent_covered": 100.0, "percent_covered_display": "100", "missing_lines": 0, "excluded_lines": 0, "percent_statements_covered": 100.0, "percent_statements_covered_display": "100"}, "missing_lines": [], "excluded_lines": [], "start_line": 1}}, "classes": {"": {"executed_lines": [3, 5, 8, 11, 29, 30, 31, 33], "summary": {"covered_lines": 8, "num_statements": 8, "percent_covered": 100.0, "percent_covered_display": "100", "missing_lines": 0, "excluded_lines": 0, "percent_statements_covered": 100.0, "percent_statements_covered_display": "100"}, "missing_lines": [], "excluded_lines": [], "start_line": 1}}}, "main.py": {"executed_lines": [3, 5, 7, 8, 9, 10, 13, 14, 15, 18, 26, 27, 30, 31, 32, 35, 38, 41, 44], "summary": {"covered_lines": 19, "num_statements": 20, "percent_covered": 95.0, "percent_covered_display": "95", "missing_lines": 1, "excluded_lines": 0, "percent_statements_covered": 95.0, "percent_statements_covered_display": "95"}, "missing_lines": [45], "excluded_lines": [], "functions": {"main": {"executed_lines": [26, 27, 30, 31, 32, 35, 38, 41], "summary": {"covered_lines": 8, "num_statements": 8, "percent_covered": 100.0, "percent_covered_display": "100", "missing_lines": 0, "excluded_lines": 0, "percent_statements_covered": 100.0, "percent_statements_covered_display": "100"}, "missing_lines": [], "excluded_lines": [], "start_line": 18}, "": {"executed_lines": [3, 5, 7, 8, 9, 10, 13, 14, 15, 18, 44], "summary": {"covered_lines": 11, "num_statements": 12, "percent_covered": 91.66666666666667, "percent_covered_display": "92", "missing_lines": 1, "excluded_lines": 0, "percent_statements_covered": 91.66666666666667, "percent_statements_covered_display": "92"}, "missing_lines": [45], "excluded_lines": [], "start_line": 1}}, "classes": {"": {"executed_lines": [3, 5, 7, 8, 9, 10, 13, 14, 15, 18, 26, 27, 30, 31, 32, 35, 38, 41, 44], "summary": {"covered_lines": 19, "num_statements": 20, "percent_covered": 95.0, "percent_covered_display": "95", "missing_lines": 1, "excluded_lines": 0, "percent_statements_covered": 95.0, "percent_statements_covered_display": "95"}, "missing_lines": [45], "excluded_lines": [], "start_line": 1}}}}, "totals": {"covered_lines": 363, "num_statements": 385, "percent_covered": 94.28571428571429, "percent_covered_display": "94", "missing_lines": 22, "excluded_lines": 0, "percent_statements_covered": 94.28571428571429, "percent_statements_covered_display": "94"}}